<?xml version="1.0" encoding="UTF-8"?><testsuite failures="1" name="cucumber.runtime.formatter.JUnitFormatter" skipped="0" tests="3" time="143.920894">
<testcase classname="RCS SaaS MMP_Default_Payment_WC features" name="Preferred_Payment_Method" time="44.807896">
<system-out><![CDATA[Given Login to the WebClient................................................passed
When User Provides the valid Admin credentials..............................passed
Then The User should be successfully logged into the Application............passed
Then User clicks on Configuration...........................................passed
Then The User should be navigated to configuration screen successfully......passed
Then User navigates to the 'LOV' tab & selects the LOV type as 'User'.......passed
And User verifies when the Set Code for the LOV is entered as 'PPM' then the Set Name is displayed as 'Preferred Payment Method'..passed
Then User clicks on the set code 'PPM'......................................passed
And User verifies the following values are defined under the new LOV - Cash, Cheque, MMP, EFT.passed
]]></system-out>
</testcase>
<testcase classname="RCS SaaS MMP_Default_Payment_WC features" name="Verify_Preferred_Payment_Method" time="38.394256">
<system-out><![CDATA[Then User clicks on the Data Entry & selects any available customer where Customer type = Outlet & navigates to the profile tab.passed
Then User navigates to the 'Trading Terms' section..........................passed
And User verifies the dropdown field named 'Preferred Payment Mode' is displayed.passed
Then User selects the Collection Type as 'Cash' & verifies the Preferred Payment Mode dropdown field auto-populates the following values as 'Cash' & 'MMP'.passed
Then User selects the Collection Type as 'Cheque' only & verifies the Preferred Payment Mode dropdown field auto-populates the following value as 'Cheque'.passed
Then User selects the Collection Type as 'Cash & Cheque' & verifies the Preferred Payment Mode dropdown field auto-populates the following values as 'Cash', 'Cheque' & 'MMP'.passed
Then User selects the Collection Type as 'Deferred Cheque' & verifies the Preferred Payment Mode dropdown field auto-populates the following values as 'Cash', 'Cheque', 'MMP' & 'EFT'..passed
]]></system-out>
</testcase>
<testcase classname="RCS SaaS MMP_Default_Payment_WC features" name="Preferred_Payment_Method_Export" time="60.718742">
<failure message="org.openqa.selenium.NoSuchWindowException: no such window: target window already closed&#10;from unknown error: web view not found&#10;  (Session info: chrome=73.0.3683.103)&#10;  (Driver info: chromedriver=2.36.540470 (e522d04694c7ebea4ba8821272dbef4f9b818c91),platform=Windows NT 10.0.16299 x86_64) (WARNING: The server did not provide any stacktrace information)&#10;Command duration or timeout: 19 milliseconds&#10;Build info: version: '2.53.0', revision: '35ae25b1534ae328c771e0856c93e187490ca824', time: '2016-03-15 10:43:46'&#10;System info: host: 'BLRTRIFWN30955', ip: '10.6.139.239', os.name: 'Windows 10', os.arch: 'amd64', os.version: '10.0', java.version: '1.8.0_181'&#10;Driver info: org.openqa.selenium.chrome.ChromeDriver&#10;Capabilities [{applicationCacheEnabled=false, rotatable=false, mobileEmulationEnabled=false, networkConnectionEnabled=false, chrome={chromedriverVersion=2.36.540470 (e522d04694c7ebea4ba8821272dbef4f9b818c91), userDataDir=C:\Users\30955\AppData\Local\Temp\scoped_dir14112_18324}, takesHeapSnapshot=true, pageLoadStrategy=normal, databaseEnabled=false, handlesAlerts=true, hasTouchScreen=false, version=73.0.3683.103, platform=XP, browserConnectionEnabled=false, nativeEvents=true, acceptSslCerts=false, acceptInsecureCerts=false, locationContextEnabled=true, webStorageEnabled=true, browserName=chrome, takesScreenshot=true, javascriptEnabled=true, cssSelectorsEnabled=true, setWindowRect=true, unexpectedAlertBehaviour=}]&#10;Session ID: f01c85ebe467433dace534979661289f&#10;*** Element info: {Using=css selector, value=div:nth-child(2) [role='tabpanel'] tr:nth-child(1) [type='text']}&#13;&#10;&#9;at sun.reflect.NativeConstructorAccessorImpl.newInstance0(Native Method)&#13;&#10;&#9;at sun.reflect.NativeConstructorAccessorImpl.newInstance(Unknown Source)&#13;&#10;&#9;at sun.reflect.DelegatingConstructorAccessorImpl.newInstance(Unknown Source)&#13;&#10;&#9;at java.lang.reflect.Constructor.newInstance(Unknown Source)&#13;&#10;&#9;at org.openqa.selenium.remote.ErrorHandler.createThrowable(ErrorHandler.java:206)&#13;&#10;&#9;at org.openqa.selenium.remote.ErrorHandler.throwIfResponseFailed(ErrorHandler.java:158)&#13;&#10;&#9;at org.openqa.selenium.remote.RemoteWebDriver.execute(RemoteWebDriver.java:678)&#13;&#10;&#9;at org.openqa.selenium.remote.RemoteWebDriver.findElement(RemoteWebDriver.java:363)&#13;&#10;&#9;at org.openqa.selenium.remote.RemoteWebDriver.findElementByCssSelector(RemoteWebDriver.java:492)&#13;&#10;&#9;at org.openqa.selenium.By$ByCssSelector.findElement(By.java:430)&#13;&#10;&#9;at org.openqa.selenium.remote.RemoteWebDriver.findElement(RemoteWebDriver.java:355)&#13;&#10;&#9;at com.infotech.basepage.PageObjects.SelectByCSSSelectorWithSendKeys(PageObjects.java:216)&#13;&#10;&#9;at com.infotech.wc.ui.testscripts.RcsSaasNewOutletCreationPage.user_enters_Customer_name_in_the_Customer_Name_text_box(RcsSaasNewOutletCreationPage.java:120)&#13;&#10;&#9;at com.infotech.wc.ui.testscripts.RcsSaasConfigurationContractPage.user_enters_the_customer_number(RcsSaasConfigurationContractPage.java:615)&#13;&#10;&#9;at com.infotech.wc.ui.testscripts.RcsSaasPreferredPaymentMethodPage.user_clicks_on_the_Data_Entry_tab(RcsSaasPreferredPaymentMethodPage.java:636)&#13;&#10;&#9;at ✽.Then User clicks on the 'Data Entry' tab(RcsSaasMMPDefaultPayment.feature:38)&#13;&#10;"><![CDATA[Then User clicks on the 'Data Entry' tab....................................failed
Then User clicks on the 'Export Trading Term Data' button...................skipped
Then User verifies the 'Export Trading Term Data' is downloaded successfully.skipped
And User verifies the 'Preferred Payment Method' column is added to the right of the 'Payment Method' Column in the Export file..skipped

StackTrace:
org.openqa.selenium.NoSuchWindowException: no such window: target window already closed
from unknown error: web view not found
  (Session info: chrome=73.0.3683.103)
  (Driver info: chromedriver=2.36.540470 (e522d04694c7ebea4ba8821272dbef4f9b818c91),platform=Windows NT 10.0.16299 x86_64) (WARNING: The server did not provide any stacktrace information)
Command duration or timeout: 19 milliseconds
Build info: version: '2.53.0', revision: '35ae25b1534ae328c771e0856c93e187490ca824', time: '2016-03-15 10:43:46'
System info: host: 'BLRTRIFWN30955', ip: '10.6.139.239', os.name: 'Windows 10', os.arch: 'amd64', os.version: '10.0', java.version: '1.8.0_181'
Driver info: org.openqa.selenium.chrome.ChromeDriver
Capabilities [{applicationCacheEnabled=false, rotatable=false, mobileEmulationEnabled=false, networkConnectionEnabled=false, chrome={chromedriverVersion=2.36.540470 (e522d04694c7ebea4ba8821272dbef4f9b818c91), userDataDir=C:\Users\30955\AppData\Local\Temp\scoped_dir14112_18324}, takesHeapSnapshot=true, pageLoadStrategy=normal, databaseEnabled=false, handlesAlerts=true, hasTouchScreen=false, version=73.0.3683.103, platform=XP, browserConnectionEnabled=false, nativeEvents=true, acceptSslCerts=false, acceptInsecureCerts=false, locationContextEnabled=true, webStorageEnabled=true, browserName=chrome, takesScreenshot=true, javascriptEnabled=true, cssSelectorsEnabled=true, setWindowRect=true, unexpectedAlertBehaviour=}]
Session ID: f01c85ebe467433dace534979661289f
*** Element info: {Using=css selector, value=div:nth-child(2) [role='tabpanel'] tr:nth-child(1) [type='text']}
	at sun.reflect.NativeConstructorAccessorImpl.newInstance0(Native Method)
	at sun.reflect.NativeConstructorAccessorImpl.newInstance(Unknown Source)
	at sun.reflect.DelegatingConstructorAccessorImpl.newInstance(Unknown Source)
	at java.lang.reflect.Constructor.newInstance(Unknown Source)
	at org.openqa.selenium.remote.ErrorHandler.createThrowable(ErrorHandler.java:206)
	at org.openqa.selenium.remote.ErrorHandler.throwIfResponseFailed(ErrorHandler.java:158)
	at org.openqa.selenium.remote.RemoteWebDriver.execute(RemoteWebDriver.java:678)
	at org.openqa.selenium.remote.RemoteWebDriver.findElement(RemoteWebDriver.java:363)
	at org.openqa.selenium.remote.RemoteWebDriver.findElementByCssSelector(RemoteWebDriver.java:492)
	at org.openqa.selenium.By$ByCssSelector.findElement(By.java:430)
	at org.openqa.selenium.remote.RemoteWebDriver.findElement(RemoteWebDriver.java:355)
	at com.infotech.basepage.PageObjects.SelectByCSSSelectorWithSendKeys(PageObjects.java:216)
	at com.infotech.wc.ui.testscripts.RcsSaasNewOutletCreationPage.user_enters_Customer_name_in_the_Customer_Name_text_box(RcsSaasNewOutletCreationPage.java:120)
	at com.infotech.wc.ui.testscripts.RcsSaasConfigurationContractPage.user_enters_the_customer_number(RcsSaasConfigurationContractPage.java:615)
	at com.infotech.wc.ui.testscripts.RcsSaasPreferredPaymentMethodPage.user_clicks_on_the_Data_Entry_tab(RcsSaasPreferredPaymentMethodPage.java:636)
	at ✽.Then User clicks on the 'Data Entry' tab(RcsSaasMMPDefaultPayment.feature:38)
]]></failure>
</testcase>
</testsuite>
